<?xml version="1.0" encoding="UTF-8"?>
<testsuite xmlns:xsi="http://www.w3.org/2001/XMLSchema-instance" xsi:noNamespaceSchemaLocation="https://maven.apache.org/surefire/maven-surefire-plugin/xsd/surefire-test-report-3.0.xsd" version="3.0" name="hyperexecute.ToDoTest" time="24.921" tests="2" errors="0" skipped="0" failures="0">
  <properties>
[...]
</properties>
  <testcase name="test_ToDo(String, String, String, String, String)[2]" classname="hyperexecute.ToDoTest" time="11.216">
    <system-out><![CDATA[Running JUnit test on HyperExecute Grid
Windows 10
Setting up resources to run tests on HyperExecute Grid
Setting up resources to run tests on HyperExecute Grid
JUnit demo on HyperExecute Grid is successful
Browser resources released
]]></system-out>
    <system-err><![CDATA[Feb 24, 2023 12:45:55 PM org.openqa.selenium.remote.ProtocolHandshake createSession
INFO: Detected dialect: W3C
]]></system-err>
  </testcase>
  <testcase name="test_ToDo(String, String, String, String, String)[1]" classname="hyperexecute.ToDoTest" time="24.732">
    <system-out><![CDATA[JUnit demo on HyperExecute Grid is successful
Browser resources released
]]></system-out>
    <system-err><![CDATA[Feb 24, 2023 12:46:10 PM org.openqa.selenium.remote.ProtocolHandshake createSession
INFO: Detected dialect: W3C
]]></system-err>
  </testcase>
</testsuite>